,number,value,datetime_start,datetime_complete,duration,params_q_con,params_q_lag,params_q_sdot,params_q_u_yaw_rate,params_qt_pos_high,params_qt_s_high,state
96,96,24.84811544418335,2025-02-20 12:57:45.589430,2025-02-20 12:58:11.488244,0 days 00:00:25.898814,0.6541681109692308,5.879220202534596,0.005700416181743741,0.008499435417159782,3.5077567369572735,13.334803920943651,COMPLETE
97,97,24.873806953430176,2025-02-20 12:58:11.512104,2025-02-20 12:58:37.634558,0 days 00:00:26.122454,0.3751916924506509,5.592948269965649,0.003334785494041629,0.013405310797220895,2.653438922374434,8.02876004220647,COMPLETE
98,98,24.516542673110962,2025-02-20 12:58:37.657840,2025-02-20 12:59:03.557777,0 days 00:00:25.899937,0.8076922047915822,7.047457988500565,0.004786515398850271,0.01663991751852399,8.663826281129733,19.487712257550356,COMPLETE
99,99,25.915669918060303,2025-02-20 12:59:03.581285,2025-02-20 12:59:30.438728,0 days 00:00:26.857443,0.3163050527869514,6.161272174136613,0.00272123633797879,0.019939202182194637,4.454688918871524,6.491989817608489,COMPLETE
