,number,value,datetime_start,datetime_complete,duration,params_q_con,params_q_lag,params_q_sdot,params_q_u_yaw_rate,params_qt_pos_high,params_qt_s_high,state
0,0,30.95123863220215,2025-02-20 12:23:29.350372,2025-02-20 12:24:10.796248,0 days 00:00:41.445876,0.005234871105092344,6.982043761031118,0.014159384336983133,0.011556068292745615,0.02233864073071707,0.261681897704173,COMPLETE
1,1,25.797710180282593,2025-02-20 12:24:10.822852,2025-02-20 12:24:37.548159,0 days 00:00:26.725307,0.0033560847613286317,17.546628579487844,0.0028388120105088924,0.0077193771874176096,7.969661033384973,0.16706366525828134,COMPLETE
2,2,29.09704828262329,2025-02-20 12:24:37.570100,2025-02-20 12:25:12.782453,0 days 00:00:35.212353,0.0774928353258621,18.505089702549302,0.02817950875366502,0.5378517163354791,0.059256211852819665,17.6642610540454,COMPLETE
3,3,30.396408319473267,2025-02-20 12:25:12.802237,2025-02-20 12:25:44.180186,0 days 00:00:31.377949,0.3912914017349382,41.31556701714877,0.013767651729225977,0.02616991594084693,0.1043358700951833,0.28205505102260403,COMPLETE
4,4,35.0,2025-02-20 12:25:44.201033,2025-02-20 12:25:46.482329,0 days 00:00:02.281296,0.05954215897491333,6.557799506716866,0.0037004304045033755,0.009720848252508548,0.2785633161163474,0.056349044374106295,COMPLETE
5,5,27.70039963722229,2025-02-20 12:25:46.505712,2025-02-20 12:26:15.440790,0 days 00:00:28.935078,0.517686996911751,44.2234707594522,0.01684823672027965,0.05105386342896787,9.359419762651715,14.337118111148618,COMPLETE
6,6,35.0,2025-02-20 12:26:15.463214,2025-02-20 12:26:24.040573,0 days 00:00:08.577359,0.07601812614696493,16.330661055437186,0.00572101186539366,0.0030846440324644054,4.074674204568116,0.01296522138086826,COMPLETE
7,7,35.0,2025-02-20 12:26:24.064101,2025-02-20 12:26:25.594770,0 days 00:00:01.530669,0.022937376071738583,13.396091277723425,0.001972384898850488,0.1416240612089968,1.2050355488002675,0.013252904069538874,COMPLETE
8,8,28.594837188720703,2025-02-20 12:26:25.620522,2025-02-20 12:26:55.443867,0 days 00:00:29.823345,0.2440629299532408,22.055466072257552,0.0012887577285651815,0.564976349902808,1.2886288008043867,0.22986698294967078,COMPLETE
9,9,35.0,2025-02-20 12:26:55.467454,2025-02-20 12:26:57.780709,0 days 00:00:02.313255,0.003029345540447242,11.760519001621994,0.0311743613797038,0.002245838927553353,1.0610345527667369,0.027535241350031506,COMPLETE
10,10,35.0,2025-02-20 12:26:57.806997,2025-02-20 12:26:59.488082,0 days 00:00:01.681085,0.002346328214584548,9.609958952344368,0.06443880988623266,0.0010024234690906811,7.258716305972589,1.7661014646594366,COMPLETE
11,11,35.0,2025-02-20 12:26:59.511803,2025-02-20 12:27:00.428704,0 days 00:00:00.916901,0.5921509204551053,45.53609968323619,0.005192086699520497,0.05158888198357729,9.294524092919197,1.7256706045253942,COMPLETE
12,12,26.647547006607056,2025-02-20 12:27:00.453726,2025-02-20 12:27:28.176724,0 days 00:00:27.722998,0.928550813750255,28.680447245310507,0.002835779835983758,0.060508687722883696,3.195830455115767,10.867667819097425,COMPLETE
13,13,28.84414291381836,2025-02-20 12:27:28.198538,2025-02-20 12:27:58.058866,0 days 00:00:29.860328,0.9775474061791253,26.2439223939917,0.0023944525540001544,0.13721314749332117,2.824000780319203,1.2077994191178059,COMPLETE
14,14,29.650514602661133,2025-02-20 12:27:58.082775,2025-02-20 12:28:28.765742,0 days 00:00:30.682967,0.0011290692699132392,26.355782747087652,0.0010231948634281869,0.011059554970604487,2.7897289434487256,5.61538481586861,COMPLETE
15,15,35.0,2025-02-20 12:28:28.788271,2025-02-20 12:28:45.999182,0 days 00:00:17.210911,0.013022482305833853,24.93126443375095,0.00693328335441286,0.005754404550228437,0.751681638172704,0.09981382427881558,COMPLETE
16,16,29.605286121368408,2025-02-20 12:28:46.021438,2025-02-20 12:29:21.687953,0 days 00:00:35.666515,0.008461720776752073,33.79636466795376,0.0026043128181925668,0.023960005607253483,4.572599240505845,0.7384178157415221,COMPLETE
17,17,35.0,2025-02-20 12:29:21.711802,2025-02-20 12:29:38.450757,0 days 00:00:16.738955,0.1549141170729774,17.772210969813166,0.003831905458565558,0.0053323337608246115,2.1923385003493996,5.04305204605983,COMPLETE
18,18,31.149731397628784,2025-02-20 12:29:38.471767,2025-02-20 12:30:11.083468,0 days 00:00:32.611701,0.02467721893757599,31.260817586251193,0.008085842274517495,0.018197945081901368,0.5080883157170827,0.5222015580693035,COMPLETE
19,19,29.442095518112183,2025-02-20 12:30:11.106327,2025-02-20 12:30:41.584382,0 days 00:00:30.478055,0.1804316781169467,20.811819592710282,0.0016353373441469242,0.0710623249611157,4.947986480014498,0.160893506246656,COMPLETE
20,20,35.0,2025-02-20 12:30:41.605968,2025-02-20 12:30:49.682979,0 days 00:00:08.077011,0.041804849955858196,33.26188183715818,0.0033081610371355225,0.0288880808184468,1.9329360621094827,0.0812890071314205,COMPLETE
21,21,27.25167202949524,2025-02-20 12:30:49.705009,2025-02-20 12:31:18.583915,0 days 00:00:28.878906,0.9986799278189568,47.880329229422784,0.0014448838653212757,0.058366742474495324,8.63625740025077,19.677875141542778,COMPLETE
22,22,27.149839878082275,2025-02-20 12:31:18.603434,2025-02-20 12:31:46.949494,0 days 00:00:28.346060,0.880336937557658,48.41415590297908,0.0016152055710016763,0.08118751408795188,6.159514111172812,19.57775090258938,COMPLETE
23,23,28.146827936172485,2025-02-20 12:31:46.970107,2025-02-20 12:32:16.109057,0 days 00:00:29.138950,0.31324380556055126,37.46397609003004,0.0019422085965557334,0.14339423139777513,4.486436734759663,7.781393506536432,COMPLETE
24,24,27.948837995529175,2025-02-20 12:32:16.133452,2025-02-20 12:32:45.132794,0 days 00:00:28.999342,0.14540406026634473,31.635541019327828,0.0010148904614304527,0.32228206530022296,1.9979096539269499,12.43963588821433,COMPLETE
25,25,28.300004959106445,2025-02-20 12:32:45.158004,2025-02-20 12:33:14.876884,0 days 00:00:29.718880,0.6911090685474266,39.11118539424062,0.002615647870141287,0.9255248524842686,5.98564091789831,2.619948743048923,COMPLETE
26,26,35.0,2025-02-20 12:33:14.898829,2025-02-20 12:33:17.258104,0 days 00:00:02.359275,0.3647015490363118,49.721449618040026,0.004072070034153539,0.03873832067357026,3.5684716215513577,3.724216111645187,COMPLETE
27,27,35.0,2025-02-20 12:33:17.281232,2025-02-20 12:33:26.205113,0 days 00:00:08.923881,0.11006926667798886,21.559194045294486,0.0015639861309290465,0.08943209572203142,6.292686438432089,3.3889833349238065,COMPLETE
28,28,23.348918914794922,2025-02-20 12:33:26.227595,2025-02-20 12:33:50.889986,0 days 00:00:24.662391,0.23870885465067698,27.685866370596177,0.002746374213842636,0.02076619238183404,9.47988234709308,7.448486185544196,COMPLETE
29,29,24.154412984848022,2025-02-20 12:33:50.914260,2025-02-20 12:34:20.621577,0 days 00:00:29.707317,0.5241600763364778,5.334631572885969,0.005383562936409102,0.01577839404358463,9.396563151988286,10.291181922722314,COMPLETE
30,30,25.352558612823486,2025-02-20 12:34:20.644915,2025-02-20 12:34:46.951889,0 days 00:00:26.306974,0.300741232015826,5.044810757013172,0.00484386642021024,0.015541244096822438,0.01129123844287717,8.450411562389132,COMPLETE
31,31,24.40063500404358,2025-02-20 12:34:46.968045,2025-02-20 12:35:12.392373,0 days 00:00:25.424328,0.25780989581601976,5.140642067177301,0.004974305394630694,0.017054957495045674,0.018320278751238,7.371383186477877,COMPLETE
32,32,24.799682140350342,2025-02-20 12:35:12.415811,2025-02-20 12:35:38.208096,0 days 00:00:25.792285,0.26164337769716894,5.457895560273091,0.005219968983086513,0.01594952613593795,0.010174759413864207,8.327768371197587,COMPLETE
33,33,24.992889165878296,2025-02-20 12:35:38.233559,2025-02-20 12:36:04.052393,0 days 00:00:25.818834,0.23993668081023695,5.056237978010006,0.006292544775786419,0.01427667893827894,0.011608765425105829,7.132492518990706,COMPLETE
34,34,35.0,2025-02-20 12:36:04.077300,2025-02-20 12:36:07.871010,0 days 00:00:03.793710,0.4383037678005691,6.1647949291995205,0.008377936674831615,0.019406456527621446,0.027209603818389036,10.035642553685372,COMPLETE
35,35,26.554539680480957,2025-02-20 12:36:07.891575,2025-02-20 12:36:35.408412,0 days 00:00:27.516837,0.4860915051769217,7.435457392404214,0.004833156754784358,0.009539218470246032,0.029103843964516592,4.9133272424874646,COMPLETE
36,36,25.198580026626587,2025-02-20 12:36:35.433102,2025-02-20 12:37:01.705844,0 days 00:00:26.272742,0.10918682962195539,5.751619646694536,0.010084879158131404,0.027848973586234022,0.12472199825410948,12.341191775053048,COMPLETE
37,37,25.601447343826294,2025-02-20 12:37:01.720445,2025-02-20 12:37:28.189162,0 days 00:00:26.468717,0.20392468381624318,6.7128281286531015,0.0037265507537386886,0.014379299317774001,0.017065058467946252,6.7327637506319515,COMPLETE
38,38,25.122795581817627,2025-02-20 12:37:28.214108,2025-02-20 12:37:54.467598,0 days 00:00:26.253490,0.35652658864190356,7.402339790731038,0.004784268388151767,0.03203458362497291,0.04247273528047981,15.073043617817186,COMPLETE
39,39,35.0,2025-02-20 12:37:54.492774,2025-02-20 12:38:09.581554,0 days 00:00:15.088780,0.2666986819133044,8.085666448392589,0.0032157759372401845,0.007967402131096618,0.016856664984366793,3.4493702289026222,COMPLETE
40,40,35.0,2025-02-20 12:38:09.606064,2025-02-20 12:38:15.686131,0 days 00:00:06.080067,0.4670496633948142,5.615298392146103,0.006277583403562083,0.022700284184439607,0.08199501242284679,9.306776330414447,COMPLETE
41,41,35.0,2025-02-20 12:38:15.711662,2025-02-20 12:38:26.892568,0 days 00:00:11.180906,0.1776794262377289,5.133451934179829,0.005959012667349686,0.013271852039167652,0.01073690785994557,6.840696084760143,COMPLETE
42,42,24.103039264678955,2025-02-20 12:38:26.913640,2025-02-20 12:38:51.896706,0 days 00:00:24.983066,0.23676328006297154,5.925003451962159,0.010758786921571896,0.012758684105102733,0.01126576969787228,6.192065515077958,COMPLETE
43,43,35.0,2025-02-20 12:38:51.920204,2025-02-20 12:38:52.769682,0 days 00:00:00.849478,0.5705203575907978,6.068952433902152,0.011167984805449773,0.01948893194784792,0.021914041013046563,15.309119159207713,COMPLETE
44,44,28.092084646224976,2025-02-20 12:38:52.791296,2025-02-20 12:39:22.170232,0 days 00:00:29.378936,0.09884652418055677,6.564826028345833,0.014759448564587094,0.010621404320721312,0.03910336637194332,5.176519575013711,COMPLETE
45,45,25.7080659866333,2025-02-20 12:39:22.196776,2025-02-20 12:39:48.874451,0 days 00:00:26.677675,0.27164535568405623,5.531593006717706,0.008698902963833473,0.040884592673510446,0.21983091348639724,10.619871328425221,COMPLETE
46,46,35.0,2025-02-20 12:39:48.895316,2025-02-20 12:39:51.085290,0 days 00:00:02.189974,0.07018504875546236,8.898549279930721,0.011951200529197693,0.00585978210345249,9.563326063454829,2.397531355778123,COMPLETE
47,47,26.748769760131836,2025-02-20 12:39:51.109633,2025-02-20 12:40:18.976431,0 days 00:00:27.866798,0.6810828765878284,6.370080869805004,0.007277005445348606,0.008031739144331671,0.015146700748095232,4.434144265788573,COMPLETE
48,48,25.097493171691895,2025-02-20 12:40:19.002122,2025-02-20 12:40:44.980907,0 days 00:00:25.978785,0.22236760059280164,6.974847076376475,0.01913198337471755,0.017685213439054485,0.020934128036893075,14.560863430225169,COMPLETE
49,49,25.65183115005493,2025-02-20 12:40:45.008591,2025-02-20 12:41:11.933309,0 days 00:00:26.924718,0.40637333677011916,5.646823518281047,0.0042756556027657615,0.0330451734777187,0.01023887353851485,8.407638255664832,COMPLETE
50,50,28.296738624572754,2025-02-20 12:41:11.957140,2025-02-20 12:41:41.328948,0 days 00:00:29.371808,0.13265785358407617,10.064880116258308,0.005565694229667786,0.011542203197174455,0.014348851113005889,2.599803107278068,COMPLETE
51,51,25.353180170059204,2025-02-20 12:41:41.349918,2025-02-20 12:42:07.635619,0 days 00:00:26.285701,0.229766139371343,5.035214681637491,0.007043687203630171,0.014850694162152726,0.012396834862142892,6.690964470185002,COMPLETE
52,52,26.203394651412964,2025-02-20 12:42:07.659328,2025-02-20 12:42:35.018376,0 days 00:00:27.359048,0.19361026952111107,5.868751534422718,0.0033452493858474367,0.024138474371157726,0.01008480776049548,6.0059546008845714,COMPLETE
53,53,25.196659803390503,2025-02-20 12:42:35.039835,2025-02-20 12:43:01.666889,0 days 00:00:26.627054,0.32302125786214586,5.397170609317402,0.005951297242268165,0.012682658860583035,0.016034167798671967,10.886908573649416,COMPLETE
54,54,27.346086502075195,2025-02-20 12:43:01.687884,2025-02-20 12:43:30.001391,0 days 00:00:28.313507,0.2553370900035181,5.006929122770918,0.00916586352076863,0.02360639511638201,0.021718348839130805,4.33492766963054,COMPLETE
55,55,25.714760065078735,2025-02-20 12:43:30.025041,2025-02-20 12:43:56.823063,0 days 00:00:26.798022,0.15128150260371712,6.166497391671688,0.004462459557984542,0.018142470650455923,0.01372739361182757,19.759365439817312,COMPLETE
56,56,35.0,2025-02-20 12:43:56.845032,2025-02-20 12:44:03.970106,0 days 00:00:07.125074,0.5888510762945723,7.042096309197589,0.007053788178115029,0.006426998708555173,0.030100992229375675,7.845816622193067,COMPLETE
57,57,25.59996008872986,2025-02-20 12:44:03.992714,2025-02-20 12:44:30.959770,0 days 00:00:26.967056,0.3673604282158348,5.4924254434538575,0.00544860361449318,0.009443056852726428,0.05388528341514135,5.7996753610535245,COMPLETE
58,58,35.0,2025-02-20 12:44:30.983052,2025-02-20 12:44:37.302468,0 days 00:00:06.319416,0.08914819677889094,16.096642697876902,0.003072951773237944,0.004252670941086177,0.019050244174637226,13.88698378537689,COMPLETE
59,59,35.04912996292114,2025-02-20 12:44:37.325615,2025-02-20 12:45:13.930772,0 days 00:00:36.605157,0.12263914421837431,6.18272098058454,0.0022038029920537143,0.012272938439164886,0.02633359916081425,1.8530146093836322,COMPLETE
60,60,26.403786182403564,2025-02-20 12:45:13.945218,2025-02-20 12:45:41.395770,0 days 00:00:27.450552,0.055828028007292446,12.87515002893929,0.003654471732591114,0.008492533081956143,0.012901042116017336,9.753357788138416,COMPLETE
61,61,35.0,2025-02-20 12:45:41.415889,2025-02-20 12:45:52.120413,0 days 00:00:10.704524,0.22631818179910457,6.747361513905095,0.01774968650060663,0.01653214426679056,0.022788102896291226,15.106027601793166,COMPLETE
62,62,25.755313873291016,2025-02-20 12:45:52.144189,2025-02-20 12:46:19.075871,0 days 00:00:26.931682,0.1641861691601654,5.429072208547498,0.007872494094734964,0.018744097967346617,0.01887219756978144,12.380297362615256,COMPLETE
63,63,35.0,2025-02-20 12:46:19.099074,2025-02-20 12:46:30.007950,0 days 00:00:10.908876,0.19763146605278004,5.9513781047143395,0.006412528612126056,0.014364680337673743,0.012804926914293269,7.610319773718397,COMPLETE
64,64,35.0,2025-02-20 12:46:30.031019,2025-02-20 12:46:31.366919,0 days 00:00:01.335900,0.2783489004264146,7.407546448312785,0.004999002784625655,0.010770512495519038,0.5401992482081631,15.82639370947929,COMPLETE
65,65,35.0,2025-02-20 12:46:31.391329,2025-02-20 12:46:37.567717,0 days 00:00:06.176388,0.44274200512627826,5.30237554290638,0.0027898574046188737,0.021148579058707474,0.018544404712048004,3.8488596793027723,COMPLETE
66,66,28.401289224624634,2025-02-20 12:46:37.592261,2025-02-20 12:47:12.604445,0 days 00:00:35.012184,0.13286556500378602,6.3570758268762395,0.01963252419377473,0.027602397574021213,8.093947411907578,5.6092684452944725,COMPLETE
67,67,25.057565212249756,2025-02-20 12:47:12.628437,2025-02-20 12:47:38.686368,0 days 00:00:26.057931,0.3340576516591973,5.8730516250752345,0.004144010947664985,0.016218238716637468,0.0101118130407746,10.754671087285875,COMPLETE
68,68,24.44810938835144,2025-02-20 12:47:38.709644,2025-02-20 12:48:04.322218,0 days 00:00:25.612574,0.7826049802089694,5.00264971675391,0.004489151935874886,0.007152651649699724,0.010428171289860462,8.979702675686172,COMPLETE
69,69,24.402515172958374,2025-02-20 12:48:04.344735,2025-02-20 12:48:30.189252,0 days 00:00:25.844517,0.7883217000077337,5.0967412136475385,0.005550225240707717,0.0072221991237973755,0.01371199353375125,7.989301178437869,COMPLETE
70,70,24.30786895751953,2025-02-20 12:48:30.214716,2025-02-20 12:48:55.938759,0 days 00:00:25.724043,0.7444336884046431,5.35117895994483,0.0037488717777277945,0.006947573089883451,7.530119009135429,8.901533672887082,COMPLETE
71,71,35.0,2025-02-20 12:48:55.953583,2025-02-20 12:48:58.905256,0 days 00:00:02.951673,0.8228096700317246,5.330435036621704,0.003963396350877948,0.006810353419344458,7.507084518588494,8.923777606337513,COMPLETE
72,72,21.704936027526855,2025-02-20 12:48:58.929686,2025-02-20 12:49:21.462270,0 days 00:00:22.532584,0.7722805513402937,5.745785777950614,0.005383195301444781,0.007613429562562929,5.32365424343735,5.3501554301770735,COMPLETE
73,73,25.996175527572632,2025-02-20 12:49:21.488386,2025-02-20 12:49:53.008972,0 days 00:00:31.520586,0.7820688106261088,5.9115389876207525,0.003468267154002881,0.007629612059947678,9.832449091292789,4.9477657413753136,COMPLETE
74,74,24.903289318084717,2025-02-20 12:49:53.033833,2025-02-20 12:50:19.028068,0 days 00:00:25.994235,0.7046612049143027,5.056785687756017,0.004447010376181679,0.004252716172849466,5.12543488479299,6.675774612914411,COMPLETE
75,75,24.343769788742065,2025-02-20 12:50:19.052350,2025-02-20 12:50:44.419437,0 days 00:00:25.367087,0.9993969077360088,5.709428630868789,0.003108915283739165,0.004753536468108516,6.8273309957529404,12.098601414500232,COMPLETE
76,76,24.550288438796997,2025-02-20 12:50:44.442879,2025-02-20 12:51:10.032912,0 days 00:00:25.590033,0.5731652171580942,5.768875068586291,0.002973240251692622,0.0097213735241709,6.015565089029063,12.019112230459966,COMPLETE
77,77,25.618632555007935,2025-02-20 12:51:10.055572,2025-02-20 12:51:36.827207,0 days 00:00:26.771635,0.5154086046275618,6.444377956178054,0.002617905832892791,0.004717619655893787,3.8716645132083336,18.36143929118765,COMPLETE
78,78,35.0,2025-02-20 12:51:36.850110,2025-02-20 12:51:47.684842,0 days 00:00:10.834732,0.8952052790858152,6.711909518489543,0.0024240606339332262,0.0032922523827319857,7.696755567328054,3.2465206189907434,COMPLETE
79,79,28.302571773529053,2025-02-20 12:51:47.707520,2025-02-20 12:52:17.585329,0 days 00:00:29.877809,0.9301076760063439,15.061118729145146,0.0036858158331179607,0.006189201094087642,5.2495518204556975,4.102681163198829,COMPLETE
80,80,25.94809865951538,2025-02-20 12:52:17.609780,2025-02-20 12:52:44.992243,0 days 00:00:27.382463,0.6622092747802665,5.646798061946702,0.005056925653920612,0.005250948348121268,7.162479438826328,5.715477206138832,COMPLETE
81,81,24.4461612701416,2025-02-20 12:52:45.015628,2025-02-20 12:53:10.313719,0 days 00:00:25.298091,0.7213971482748456,5.274384729664531,0.004430513972934867,0.007116471499273332,4.390025304385811,9.262822563734547,COMPLETE
82,82,24.357285022735596,2025-02-20 12:53:10.333860,2025-02-20 12:53:35.718038,0 days 00:00:25.384178,0.9832289699384112,6.192739442263638,0.0031689990565841415,0.008896334787099086,3.337119338303249,12.586978930962692,COMPLETE
83,83,24.664611101150513,2025-02-20 12:53:35.736995,2025-02-20 12:54:01.298063,0 days 00:00:25.561068,0.5314523760080597,6.199073790639227,0.0030018470130733395,0.011593812118984703,3.028154796901634,12.646715577310324,COMPLETE
84,84,24.66972517967224,2025-02-20 12:54:01.314915,2025-02-20 12:54:27.025758,0 days 00:00:25.710843,0.9771776692484977,5.675147343066646,0.0036375865941198553,0.009219096002145766,6.518175591567829,16.653806076553085,COMPLETE
85,85,35.0,2025-02-20 12:54:27.051692,2025-02-20 12:54:28.794549,0 days 00:00:01.742857,0.4093000689451775,5.391651080922398,0.002125541631607994,0.008624734139745998,8.480837019041978,7.758932422004961,COMPLETE
86,86,24.85814356803894,2025-02-20 12:54:28.818535,2025-02-20 12:54:54.796827,0 days 00:00:25.978292,0.6289534423815797,6.938516770436466,0.0033941735624643905,0.012645595307373943,3.5565000555705213,11.226299581443943,COMPLETE
87,87,25.305092573165894,2025-02-20 12:54:54.818742,2025-02-20 12:55:21.192833,0 days 00:00:26.374091,0.9973466321023826,6.502001618149495,0.004052873280132472,0.005337486891784382,5.281472416930273,6.5539928558750615,COMPLETE
88,88,24.602813243865967,2025-02-20 12:55:21.216119,2025-02-20 12:55:46.727549,0 days 00:00:25.511430,0.5589456769962302,6.054889199529013,0.006294015493384881,0.009744751593726378,9.843355053673308,13.113533370104758,COMPLETE
89,89,35.0,2025-02-20 12:55:46.753609,2025-02-20 12:55:52.861032,0 days 00:00:06.107423,0.4792173291559561,7.84369651696963,0.005302446731898385,0.007839451725518686,6.7366502645168795,4.779717776419074,COMPLETE
90,90,24.294611930847168,2025-02-20 12:55:52.885615,2025-02-20 12:56:22.732893,0 days 00:00:29.847278,0.7713028309942539,5.281892450354018,0.002811540923728512,0.010927992875281076,2.4548868314854677,10.257695804871766,COMPLETE
91,91,24.418168783187866,2025-02-20 12:56:22.755427,2025-02-20 12:56:48.068733,0 days 00:00:25.313306,0.8189250868408461,5.285349918181096,0.002809656660148085,0.011853577209189059,4.246596924339757,9.712989515662352,COMPLETE
92,92,25.100223541259766,2025-02-20 12:56:48.093364,2025-02-20 12:57:14.380878,0 days 00:00:26.287514,0.6545622216194494,5.533794684935378,0.002412628206982381,0.006439149920777517,2.3546401799129657,16.80865477502394,COMPLETE
93,93,35.0,2025-02-20 12:57:14.402160,2025-02-20 12:57:16.127428,0 days 00:00:01.725268,0.7867906932694434,5.8879368258100016,0.003135627273961341,0.014119844243626584,5.3124253854677335,7.296932602637582,COMPLETE
94,94,35.0,2025-02-20 12:57:16.153341,2025-02-20 12:57:17.808031,0 days 00:00:01.654690,0.41976350701702586,5.226997220834841,0.0019059388115630269,0.010521969058234831,7.700385452108174,10.659005487610699,COMPLETE
95,95,26.598766803741455,2025-02-20 12:57:17.833213,2025-02-20 12:57:45.563769,0 days 00:00:27.730556,0.49599029138364364,6.35108359651732,0.003854681341220073,0.022629915695472142,5.985545370921963,5.729004204039016,COMPLETE
