,number,value,datetime_start,datetime_complete,duration,params_q_con,params_q_u_yaw_rate,params_qt_pos_high,params_qt_s_high,state
0,0,,2025-02-19 19:35:48.460342,2025-02-19 19:36:02.323464,0 days 00:00:13.863122,0.05395998185548963,0.11983245689835906,0.1383416991700351,0.016271370799152477,FAIL
1,1,27.00328230857849,2025-02-19 19:36:04.993681,2025-02-19 19:36:35.863952,0 days 00:00:30.870271,0.00638076626720243,0.07462116564039764,0.3208860423296803,0.2372703090853714,COMPLETE
2,2,27.171661615371704,2025-02-19 19:36:35.888734,2025-02-19 19:37:04.149580,0 days 00:00:28.260846,0.0018274766504487899,0.3294676050791723,0.048914346495660115,0.1569096738197178,COMPLETE
3,3,26.569915056228638,2025-02-19 19:37:04.172965,2025-02-19 19:37:31.842707,0 days 00:00:27.669742,0.4237669066769698,0.27338090890615213,0.29657128564202806,4.215341151909474,COMPLETE
4,4,26.9481143951416,2025-02-19 19:37:31.865752,2025-02-19 19:37:59.911384,0 days 00:00:28.045632,0.021579681135306002,0.1976670496965707,0.12137471104397307,2.173705139375258,COMPLETE
5,5,27.006298542022705,2025-02-19 19:37:59.935623,2025-02-19 19:38:28.021431,0 days 00:00:28.085808,0.10824973075764274,0.16510145292141787,0.11296396312910019,0.08605839837163477,COMPLETE
6,6,27.080381870269775,2025-02-19 19:38:28.043251,2025-02-19 19:38:56.230768,0 days 00:00:28.187517,0.016982332382635648,0.11143664642605239,1.3415232433442648,0.07207464879068338,COMPLETE
7,7,26.988000631332397,2025-02-19 19:38:56.255034,2025-02-19 19:39:24.379656,0 days 00:00:28.124622,0.15692562062077287,0.26336281700890457,0.256233057864514,4.323496852609545,COMPLETE
8,8,27.124642848968506,2025-02-19 19:39:24.400615,2025-02-19 19:39:52.581963,0 days 00:00:28.181348,0.961164817883679,0.7544031378060176,0.0872035149037241,0.8378220152593182,COMPLETE
9,9,23.103887796401978,2025-02-19 19:39:52.606567,2025-02-19 19:40:16.812477,0 days 00:00:24.205910,0.7996731055183668,0.0029949750286124613,0.020054425999579076,1.8458243381104138,COMPLETE
10,10,22.79315447807312,2025-02-19 19:40:16.834142,2025-02-19 19:40:40.706269,0 days 00:00:23.872127,0.0318233953552253,0.0016934809535718127,2.259652917969031,0.18497276429082088,COMPLETE
11,11,24.854288339614868,2025-02-19 19:40:40.727646,2025-02-19 19:41:06.661175,0 days 00:00:25.933529,0.06511897803416729,0.0017231241881229128,4.272270252145793,0.01572694750180495,COMPLETE
12,12,21.490474462509155,2025-02-19 19:41:06.675547,2025-02-19 19:41:29.207652,0 days 00:00:22.532105,0.26306106951199065,0.002090899440253883,0.018121604177000067,16.799033584058638,COMPLETE
13,13,21.506115913391113,2025-02-19 19:41:29.230565,2025-02-19 19:41:51.758770,0 days 00:00:22.528205,0.2896015241659375,0.006710855492385681,0.01646371893652217,13.754599706009705,COMPLETE
14,14,21.18224549293518,2025-02-19 19:41:51.784605,2025-02-19 19:42:14.033867,0 days 00:00:22.249262,0.2706619864407266,0.009269575957269242,0.010991785805605055,18.069063030789096,COMPLETE
15,15,21.546096563339233,2025-02-19 19:42:14.057699,2025-02-19 19:42:36.671670,0 days 00:00:22.613971,0.2581404014070601,0.011622987258950309,0.010318390346356433,15.478789938810952,COMPLETE
16,16,21.486233949661255,2025-02-19 19:42:36.693431,2025-02-19 19:42:59.222307,0 days 00:00:22.528876,0.08105749128379322,0.015290929154490767,0.02995167701220537,19.99192502644048,COMPLETE
17,17,21.849082946777344,2025-02-19 19:42:59.243896,2025-02-19 19:43:22.167510,0 days 00:00:22.923614,0.0643871792350766,0.025092482664101644,0.03599917177751348,6.714185481915913,COMPLETE
18,18,21.519683837890625,2025-02-19 19:43:22.189904,2025-02-19 19:43:44.789937,0 days 00:00:22.600033,0.11449487785914123,0.028165878440109017,0.03993365305653377,19.84090825338633,COMPLETE
19,19,21.395542860031128,2025-02-19 19:43:44.814179,2025-02-19 19:44:07.330476,0 days 00:00:22.516297,0.42902552471652744,0.009912724534872205,0.01163137334101478,6.886409582066716,COMPLETE
20,20,21.344794750213623,2025-02-19 19:44:07.354295,2025-02-19 19:44:29.826270,0 days 00:00:22.471975,0.6616334935702883,0.005443232772691739,0.01085556009457374,7.340303994556761,COMPLETE
21,21,24.506067752838135,2025-02-19 19:44:29.847288,2025-02-19 19:44:55.432417,0 days 00:00:25.585129,0.9876701704927038,0.004518811285561556,0.010266161826338422,0.7240338641812565,COMPLETE
22,22,21.406771898269653,2025-02-19 19:44:55.453895,2025-02-19 19:45:17.891849,0 days 00:00:22.437954,0.49065318829533994,0.0067302727583067315,0.010676483395837415,7.8653754738593,COMPLETE
23,23,21.508493900299072,2025-02-19 19:45:17.912973,2025-02-19 19:45:40.495264,0 days 00:00:22.582291,0.4519947679549182,0.010927459868226361,0.019727630734782,8.146431893852455,COMPLETE
24,24,21.555766582489014,2025-02-19 19:45:40.517144,2025-02-19 19:46:03.192039,0 days 00:00:22.674895,0.1940731606683232,0.004851759145586962,0.05881903428855267,2.75285579016204,COMPLETE
25,25,21.36846685409546,2025-02-19 19:46:03.215740,2025-02-19 19:46:25.664366,0 days 00:00:22.448626,0.47873035859821633,0.001157391631130888,0.02234851851680903,7.2853895078892705,COMPLETE
26,26,23.254169464111328,2025-02-19 19:46:25.686770,2025-02-19 19:46:50.063197,0 days 00:00:24.376427,0.5686956346765788,0.0010853863447762928,0.02657390400454697,1.3475221289467396,COMPLETE
27,27,21.449785709381104,2025-02-19 19:46:50.088979,2025-02-19 19:47:12.605180,0 days 00:00:22.516201,0.16227530442901092,0.0030176618663449967,0.02104036507472472,4.177569944625331,COMPLETE
28,28,21.106622219085693,2025-02-19 19:47:12.620524,2025-02-19 19:47:34.812812,0 days 00:00:22.192288,0.648217422262296,0.0011422996604328692,0.03516941887149862,10.901639895172075,COMPLETE
29,29,21.218374490737915,2025-02-19 19:47:34.833761,2025-02-19 19:47:57.177200,0 days 00:00:22.343439,0.7309309113471724,0.0028525803155052447,0.05791402875848793,10.293653081239507,COMPLETE
30,30,21.442825078964233,2025-02-19 19:47:57.200440,2025-02-19 19:48:19.722853,0 days 00:00:22.522413,0.3026343554305595,0.0028601812514127798,0.06114968981807446,11.86978312545163,COMPLETE
31,31,24.09803295135498,2025-02-19 19:48:19.743509,2025-02-19 19:48:44.929369,0 days 00:00:25.185860,0.9825831360966041,0.046849524803690056,0.03940696163800859,1.2801092961476521,COMPLETE
32,32,21.502065420150757,2025-02-19 19:48:44.949154,2025-02-19 19:49:07.528773,0 days 00:00:22.579619,0.6632780446814377,0.004265193784013142,0.015256140684026647,12.400673508059782,COMPLETE
33,33,21.405202627182007,2025-02-19 19:49:07.549843,2025-02-19 19:49:30.031297,0 days 00:00:22.481454,0.3413018015888675,0.0019610054914299497,0.030462941778323212,10.693647861641622,COMPLETE
34,34,21.803153038024902,2025-02-19 19:49:30.055510,2025-02-19 19:49:52.929955,0 days 00:00:22.874445,0.7433674892505061,0.001144223379798886,0.05327833206511465,4.358292199558709,COMPLETE
35,35,21.907254457473755,2025-02-19 19:49:52.953137,2025-02-19 19:50:15.936303,0 days 00:00:22.983166,0.6341955633310954,0.006611439342630681,0.02926281872076981,3.051086983239136,COMPLETE
36,36,21.6272931098938,2025-02-19 19:50:15.958030,2025-02-19 19:50:38.671023,0 days 00:00:22.712993,0.4528673686680677,0.01915635571716386,0.01478899206629355,9.81740940317233,COMPLETE
37,37,21.20168900489807,2025-02-19 19:50:38.694993,2025-02-19 19:51:01.016604,0 days 00:00:22.321611,0.21791275882847952,0.0025731981278837913,0.08001078787283776,5.352335577995389,COMPLETE
38,38,21.24966287612915,2025-02-19 19:51:01.033650,2025-02-19 19:51:23.365661,0 days 00:00:22.332011,0.18182261591533785,0.003042368754133959,0.16519006707737993,5.0075731785169655,COMPLETE
39,39,21.062257766723633,2025-02-19 19:51:23.386490,2025-02-19 19:51:45.528372,0 days 00:00:22.141882,0.3469595512138968,0.0015519381670812433,0.0968861306609089,11.153776549711528,COMPLETE
40,40,21.256385803222656,2025-02-19 19:51:45.550156,2025-02-19 19:52:07.835358,0 days 00:00:22.285202,0.205961680092736,0.0010097303764873367,0.08702055743378166,3.0617769598146265,COMPLETE
41,41,21.303754091262817,2025-02-19 19:52:07.857057,2025-02-19 19:52:30.235541,0 days 00:00:22.378484,0.12224719727977264,0.0018450537486607663,0.18586879188061514,14.057657196622698,COMPLETE
42,42,21.210330724716187,2025-02-19 19:52:30.250773,2025-02-19 19:52:52.491222,0 days 00:00:22.240449,0.32894348361919856,0.0024443903774031177,0.08499614931960615,10.906074030395382,COMPLETE
43,43,21.101882457733154,2025-02-19 19:52:52.512259,2025-02-19 19:53:14.735151,0 days 00:00:22.222892,0.36351184075348125,0.0013730920325743105,0.09813948591028757,5.725198554652937,COMPLETE
44,44,21.245038747787476,2025-02-19 19:53:14.759534,2025-02-19 19:53:37.129418,0 days 00:00:22.369884,0.3584887113709637,0.0014767315373607108,0.11372514831417511,5.0479847354048175,COMPLETE
45,45,21.16095781326294,2025-02-19 19:53:37.153519,2025-02-19 19:53:59.394212,0 days 00:00:22.240693,0.2564771305113981,0.0014173527146353836,0.3558671702686856,5.746630479552034,COMPLETE
46,46,21.57355237007141,2025-02-19 19:53:59.414796,2025-02-19 19:54:22.055432,0 days 00:00:22.640636,0.25645094461696166,0.0014282204758377063,0.5413680924253912,18.697153694155666,COMPLETE
47,47,21.61114001274109,2025-02-19 19:54:22.079100,2025-02-19 19:54:44.744948,0 days 00:00:22.665848,0.14982188300350735,0.001412957393805245,0.45935677814793063,3.7259454399181555,COMPLETE
48,48,21.698630809783936,2025-02-19 19:54:44.773850,2025-02-19 19:55:07.600066,0 days 00:00:22.826216,0.35671824503394395,0.0019880718517085996,0.16446703320591158,2.0938105804064966,COMPLETE
49,49,20.94027543067932,2025-02-19 19:55:07.629801,2025-02-19 19:55:29.644212,0 days 00:00:22.014411,0.09016356654732524,0.0037403898526145417,0.2666583395951076,15.152210073043879,COMPLETE
50,50,21.149537801742554,2025-02-19 19:55:29.672904,2025-02-19 19:55:51.845487,0 days 00:00:22.172583,0.09987484878951464,0.0013671345661965127,0.36548855566038174,5.892181426042031,COMPLETE
51,51,21.318103790283203,2025-02-19 19:55:51.877336,2025-02-19 19:56:14.261543,0 days 00:00:22.384207,0.08487856815403842,0.0037478196267148422,0.11454791361075516,14.633823446309947,COMPLETE
52,52,21.265620231628418,2025-02-19 19:56:14.288943,2025-02-19 19:56:36.673898,0 days 00:00:22.384955,0.05016998487800432,0.0014561291001386123,0.28873777600847633,6.223997549721417,COMPLETE
53,53,21.058385848999023,2025-02-19 19:56:36.707256,2025-02-19 19:56:58.832419,0 days 00:00:22.125163,0.1296637987373559,0.001008153989088985,0.4258405371365641,9.30640536410951,COMPLETE
54,54,21.310302734375,2025-02-19 19:56:58.859269,2025-02-19 19:57:21.238112,0 days 00:00:22.378843,0.13799840569969676,0.0021152290492747797,0.6669055211368832,9.168329380167041,COMPLETE
55,55,21.192545413970947,2025-02-19 19:57:21.266436,2025-02-19 19:57:43.500174,0 days 00:00:22.233738,0.09940039435356503,0.0016980200648434788,0.23214603474446413,13.304237922315634,COMPLETE
56,56,21.18149709701538,2025-02-19 19:57:43.529067,2025-02-19 19:58:05.785181,0 days 00:00:22.256114,0.04654040294000589,0.0010915110743334932,0.1403802784977001,8.97433194018702,COMPLETE
57,57,21.250412940979004,2025-02-19 19:58:05.814106,2025-02-19 19:58:28.131435,0 days 00:00:22.317329,0.11909089172187559,0.0022646870139980202,0.2309282966809358,16.18214540170235,COMPLETE
58,58,21.499603509902954,2025-02-19 19:58:28.154969,2025-02-19 19:58:50.689772,0 days 00:00:22.534803,0.15841478510440446,0.0010070249354471972,0.8755021307793627,7.317275181372036,COMPLETE
59,59,21.046606063842773,2025-02-19 19:58:50.709572,2025-02-19 19:59:12.835311,0 days 00:00:22.125739,0.0866981916768247,0.003565242991628403,0.3658293877604446,6.033224730687,COMPLETE
60,60,21.04923105239868,2025-02-19 19:59:12.856634,2025-02-19 19:59:34.941082,0 days 00:00:22.084448,0.024588581787401767,0.0036527886263892444,0.21174817477656635,8.917164673734575,COMPLETE
61,61,21.346428394317627,2025-02-19 19:59:34.962096,2025-02-19 19:59:57.336708,0 days 00:00:22.374612,0.018563408408081804,0.003850224148633376,0.22842045480198772,3.8173487913303723,COMPLETE
62,62,21.329020738601685,2025-02-19 19:59:57.358166,2025-02-19 20:00:19.716391,0 days 00:00:22.358225,0.028273536155555532,0.0018289470390539986,0.2983379877528312,8.489695323539024,COMPLETE
63,63,21.38401508331299,2025-02-19 20:00:19.738457,2025-02-19 20:00:42.197053,0 days 00:00:22.458596,0.01117865227694261,0.003521642775775914,0.19906563453470838,12.528996260805746,COMPLETE
64,64,21.134878635406494,2025-02-19 20:00:42.217728,2025-02-19 20:01:04.385406,0 days 00:00:22.167678,0.08236808858383877,0.0023960946587974633,0.139687016075806,17.63286529571919,COMPLETE
65,65,21.452590703964233,2025-02-19 20:01:04.405601,2025-02-19 20:01:26.980907,0 days 00:00:22.575306,0.5416132412976303,0.005683373583929444,0.4051946406987732,9.260557005533508,COMPLETE
66,66,21.151599645614624,2025-02-19 20:01:27.004153,2025-02-19 20:01:49.233796,0 days 00:00:22.229643,0.0574888978183832,0.003584520175212813,0.2930265929338124,6.626818453635348,COMPLETE
67,67,21.192046880722046,2025-02-19 20:01:49.253645,2025-02-19 20:02:11.519309,0 days 00:00:22.265664,0.042893781143173035,0.00852254741219185,0.07242515811977743,11.856415577413298,COMPLETE
68,68,21.93156337738037,2025-02-19 20:02:11.539422,2025-02-19 20:02:34.499206,0 days 00:00:22.959784,0.0652725408556895,0.004471108155509967,0.12740822741631977,15.420517199345532,COMPLETE
69,69,21.192105770111084,2025-02-19 20:02:34.521324,2025-02-19 20:02:56.775833,0 days 00:00:22.254509,0.2209922896952521,0.0012591305395226848,0.1055269404864127,19.61029676712486,COMPLETE
70,70,21.33449077606201,2025-02-19 20:02:56.799132,2025-02-19 20:03:19.162787,0 days 00:00:22.363655,0.8291282659434579,0.00170523384229019,0.046107183646250854,7.630300716911381,COMPLETE
71,71,21.47839379310608,2025-02-19 20:03:19.184005,2025-02-19 20:03:41.741813,0 days 00:00:22.557808,0.4078780120262309,0.0024095544506976224,0.24895199397624845,4.680513938726544,COMPLETE
72,72,21.4953773021698,2025-02-19 20:03:41.766480,2025-02-19 20:04:04.329944,0 days 00:00:22.563464,0.08095533399354786,0.0024109499809448157,0.14340349063118113,16.59542838370907,COMPLETE
73,73,21.197027683258057,2025-02-19 20:04:04.349690,2025-02-19 20:04:26.605873,0 days 00:00:22.256183,0.034459776452696864,0.003242153137753604,0.1010270943284723,11.308948688409837,COMPLETE
74,74,20.948248147964478,2025-02-19 20:04:26.626426,2025-02-19 20:04:48.604370,0 days 00:00:21.977944,0.14015077702352155,0.0027480569457722284,0.18479255212033582,9.411122861907723,COMPLETE
75,75,21.26834464073181,2025-02-19 20:04:48.624244,2025-02-19 20:05:10.927154,0 days 00:00:22.302910,0.12068343331612953,0.0029222591949484393,0.20656638565730742,9.647206859976318,COMPLETE
76,76,21.10363221168518,2025-02-19 20:05:10.942617,2025-02-19 20:05:33.131479,0 days 00:00:22.188862,0.19413578861537756,0.0017287736971159202,0.1775406741686749,7.115655150520442,COMPLETE
77,77,21.19923686981201,2025-02-19 20:05:33.153486,2025-02-19 20:05:55.541511,0 days 00:00:22.388025,0.1781555855034362,0.0017209614389912644,0.17242355379808025,6.393713821124788,COMPLETE
78,78,21.660869359970093,2025-02-19 20:05:55.562816,2025-02-19 20:06:18.302108,0 days 00:00:22.739292,0.15299349354067812,0.0046926666822306885,0.3115052320702244,3.5788879389377777,COMPLETE
79,79,21.5599946975708,2025-02-19 20:06:18.323715,2025-02-19 20:06:40.956689,0 days 00:00:22.632974,0.21886329208185684,0.002133238425266502,0.25826364955894315,2.6650341635298838,COMPLETE
80,80,21.306191444396973,2025-02-19 20:06:40.977008,2025-02-19 20:07:03.362116,0 days 00:00:22.385108,0.2901945088374413,0.0028415575268353676,0.16365422029056625,5.401514423303021,COMPLETE
81,81,21.0529727935791,2025-02-19 20:07:03.383225,2025-02-19 20:07:25.469828,0 days 00:00:22.086603,0.13934558069057448,0.0012307281901386118,0.19504738512067635,7.5243922307249465,COMPLETE
82,82,21.325597524642944,2025-02-19 20:07:25.491405,2025-02-19 20:07:47.945360,0 days 00:00:22.453955,0.2040220776934172,0.0012480751130987508,0.20126787679151734,7.6672749496285375,COMPLETE
83,83,21.202413320541382,2025-02-19 20:07:47.966907,2025-02-19 20:08:10.243813,0 days 00:00:22.276906,0.14221940819053278,0.0015994451832103463,0.09505757938470302,4.549609133293345,COMPLETE
84,84,21.26621413230896,2025-02-19 20:08:10.265479,2025-02-19 20:08:32.610560,0 days 00:00:22.345081,0.2457260263416972,0.0012439222009941093,0.3776580220173396,13.908925599473879,COMPLETE
85,85,20.944443225860596,2025-02-19 20:08:32.630921,2025-02-19 20:08:54.661505,0 days 00:00:22.030584,0.18118986624864936,0.0018356401554500891,0.12133675477361526,8.703942163119217,COMPLETE
86,86,21.26120138168335,2025-02-19 20:08:54.683578,2025-02-19 20:09:16.971103,0 days 00:00:22.287525,0.1026576442386825,0.0018828970387525794,0.07055528005425112,11.484606419147942,COMPLETE
87,87,21.35686945915222,2025-02-19 20:09:16.992748,2025-02-19 20:09:39.427989,0 days 00:00:22.435241,0.13353556500227096,0.002715561001983888,0.14137014067721948,9.752642425370874,COMPLETE
88,88,21.356160640716553,2025-02-19 20:09:39.448464,2025-02-19 20:10:01.889424,0 days 00:00:22.440960,0.16644744865454308,0.00412310632517436,0.1112883418125898,8.411238441953751,COMPLETE
89,89,21.217804431915283,2025-02-19 20:10:01.909186,2025-02-19 20:10:24.159232,0 days 00:00:22.250046,0.11014751913435092,0.00126894600162094,0.12470223567212801,5.61372849837869,COMPLETE
90,90,21.701188325881958,2025-02-19 20:10:24.180766,2025-02-19 20:10:46.910757,0 days 00:00:22.729991,0.17394073858112608,0.0010456603314790668,0.2694570206731403,15.030356068867363,COMPLETE
91,91,21.312421798706055,2025-02-19 20:10:46.932203,2025-02-19 20:11:09.318608,0 days 00:00:22.386405,0.28272397486561096,0.002174754230298556,0.3417663699398879,6.097641245709688,COMPLETE
92,92,21.32365870475769,2025-02-19 20:11:09.341376,2025-02-19 20:11:31.750306,0 days 00:00:22.408930,0.13366167584618938,0.0014822072300988355,0.18069802869406176,7.264843567140028,COMPLETE
93,93,21.21219253540039,2025-02-19 20:11:31.770203,2025-02-19 20:11:54.112967,0 days 00:00:22.342764,0.18337341935544163,0.001635925720966007,0.20963880527779327,10.398064962759774,COMPLETE
94,94,21.20222520828247,2025-02-19 20:11:54.134115,2025-02-19 20:12:16.413577,0 days 00:00:22.279462,0.24065131078796653,0.003354600293779818,0.09294011340074368,8.493915201539311,COMPLETE
95,95,21.10133194923401,2025-02-19 20:12:16.435592,2025-02-19 20:12:38.621787,0 days 00:00:22.186195,0.3105691074704779,0.0019603562774896327,0.43573171937640953,13.468167579362648,COMPLETE
96,96,21.001935958862305,2025-02-19 20:12:38.645392,2025-02-19 20:13:00.772964,0 days 00:00:22.127572,0.39519049995487343,0.001976970516094885,0.4514682712908526,12.936156747240684,COMPLETE
97,97,20.952898502349854,2025-02-19 20:13:00.796425,2025-02-19 20:13:22.792454,0 days 00:00:21.996029,0.3160444930479,0.0020826374175647753,0.44371575129393614,12.85218699433306,COMPLETE
98,98,21.49639129638672,2025-02-19 20:13:22.812804,2025-02-19 20:13:45.393086,0 days 00:00:22.580282,0.400492237614552,0.0024860947958675545,0.5314222427118025,12.63762261707816,COMPLETE
99,99,21.403959274291992,2025-02-19 20:13:45.414974,2025-02-19 20:14:07.865608,0 days 00:00:22.450634,0.5056048689455507,0.0031718221347015194,0.26403168159252116,19.633177058073684,COMPLETE
100,100,21.21535325050354,2025-02-19 20:14:07.885016,2025-02-19 20:14:30.181762,0 days 00:00:22.296746,0.09242558390138528,0.002017678004976545,0.330012813980776,17.23397396144341,COMPLETE
