,number,value,datetime_start,datetime_complete,duration,params_q_con,params_q_lag,params_q_sdot,params_q_u_yaw_rate,params_qt_pos_high,params_qt_s_high,state
294,294,11.350000000000001,2025-02-10 09:30:08.594566,2025-02-10 09:30:11.202214,0 days 00:00:02.607648,0.030677142367417563,3.492655979658285,0.03970436681578028,0.0997096694990956,0.7219827937820081,2.5804314074968033,COMPLETE
295,295,11.25,2025-02-10 09:30:11.202694,2025-02-10 09:30:13.979632,0 days 00:00:02.776938,0.5181087666756702,4.00323774270137,0.0859853904653958,0.332377133563053,0.6051576187221543,0.8373337492346047,COMPLETE
296,296,13.05,2025-02-10 09:30:13.980108,2025-02-10 09:30:17.539205,0 days 00:00:03.559097,0.025709688564581865,2.027937982231376,0.0980347038557911,0.37315321221387254,1.00344852880248,4.1053759251715185,COMPLETE
297,297,11.100000000000001,2025-02-10 09:30:17.539719,2025-02-10 09:30:19.449053,0 days 00:00:01.909334,0.7932258128965003,0.0660149421612518,0.027406719363138196,0.11564993860345577,2.1902401684026507,1.6395140715916956,COMPLETE
298,298,10.65,2025-02-10 09:30:19.449566,2025-02-10 09:30:22.059904,0 days 00:00:02.610338,0.574863831011129,2.422302492533142,0.05402487314569384,0.10737526913624004,0.5432367508899683,19.504972339914453,COMPLETE
299,299,11.8,2025-02-10 09:30:22.060442,2025-02-10 09:30:25.590324,0 days 00:00:03.529882,0.04729538183413633,5.0914563012097656,0.03160372534872,0.6327870813387839,2.6415925059968397,0.039366251169531095,COMPLETE
