,number,value,datetime_start,datetime_complete,duration,params_q_con,params_q_lag,params_q_sdot,params_q_u_yaw_rate,params_qt_pos_high,params_qt_s_high,state
0,0,12.600000000000001,2025-02-10 15:16:19.577216,2025-02-10 15:16:21.721416,0 days 00:00:02.144200,0.008599216809412768,0.0033591650649232897,0.09315005132629983,0.0031211455894423878,0.2347479648231076,0.022856018805569006,COMPLETE
1,1,11.5,2025-02-10 15:16:21.758471,2025-02-10 15:16:23.407015,0 days 00:00:01.648544,0.8593767707679205,0.0038587002220523132,0.04730672312676773,0.0010001348300345127,5.7922021674979645,0.0712592537545199,COMPLETE
2,2,12.55,2025-02-10 15:16:23.437672,2025-02-10 15:16:25.632426,0 days 00:00:02.194754,0.12858488722889083,0.002917958793067681,0.04186334052762223,0.21163379215120778,0.017885609169052973,3.4277201085685434,COMPLETE
3,3,12.4,2025-02-10 15:16:25.660053,2025-02-10 15:16:27.537131,0 days 00:00:01.877078,0.8277262735948109,0.05456663877911626,0.07643048757922381,0.12766770464602403,0.09271578697104758,0.01104738550273731,COMPLETE
4,4,10.450000000000001,2025-02-10 15:16:27.554545,2025-02-10 15:16:29.293439,0 days 00:00:01.738894,0.0031743410869011996,11.467469251758668,0.008324266914128842,0.07072680889224252,0.010790340854950297,4.989455455048497,COMPLETE
5,5,11.4,2025-02-10 15:16:29.316905,2025-02-10 15:16:31.509171,0 days 00:00:02.192266,0.0021067785011724713,0.0012988007498458236,0.001552947297652924,0.00683936245267751,0.12221705665648666,0.44091297882575387,COMPLETE
6,6,10.65,2025-02-10 15:16:31.539315,2025-02-10 15:16:33.927031,0 days 00:00:02.387716,0.7393721256423399,5.98090559607463,0.01034274702727688,0.17637239927231463,0.01155106161193954,0.35051499589482377,COMPLETE
7,7,12.0,2025-02-10 15:16:33.951929,2025-02-10 15:16:35.752829,0 days 00:00:01.800900,0.3488856477985415,0.027644612668860553,0.001423752145806319,0.10228199726501071,0.11467453259362011,0.061832590985499536,COMPLETE
8,8,11.05,2025-02-10 15:16:35.780599,2025-02-10 15:16:37.284089,0 days 00:00:01.503490,0.8485548214609204,0.7323293788698397,0.0069318372580071345,0.0012998564182457489,1.8534561376643988,0.1990156386893461,COMPLETE
9,9,10.55,2025-02-10 15:16:37.312586,2025-02-10 15:16:38.949853,0 days 00:00:01.637267,0.2986021146137339,19.557637633550314,0.008120090465185453,0.0036081675239655327,1.1246097994658337,4.001334171803839,COMPLETE
10,10,10.850000000000001,2025-02-10 15:16:38.977240,2025-02-10 15:16:41.593092,0 days 00:00:02.615852,0.0011920598139933541,44.55109542113663,0.019844084591416285,0.8133549603220024,0.03149010585437883,8.50130534872065,COMPLETE
11,11,11.0,2025-02-10 15:16:41.616537,2025-02-10 15:16:43.085142,0 days 00:00:01.468605,0.04250944335538308,28.110875680252065,0.005162406717895718,0.016583523212893192,0.9334978740311193,2.295345130368014,COMPLETE
12,12,9.550472875037476,2025-02-10 15:16:43.113075,2025-02-10 15:16:46.191191,0 days 00:00:03.078116,0.01525826971237729,4.676893123730791,0.0042331430630485984,0.032363614941331866,0.5620645096524889,15.623359047455871,COMPLETE
13,13,9.35,2025-02-10 15:16:46.221661,2025-02-10 15:16:49.731688,0 days 00:00:03.510027,0.007209136591441927,1.8472455275467552,0.003907903806313192,0.031030306636039076,0.043901716378180744,19.056615774667293,COMPLETE
14,14,9.4,2025-02-10 15:16:49.755413,2025-02-10 15:16:52.992123,0 days 00:00:03.236710,0.01435664798434236,1.9618187632974966,0.002965649031936771,0.028599244449537944,0.47828569689564787,18.79787198379199,COMPLETE
15,15,9.450000000000001,2025-02-10 15:16:53.019538,2025-02-10 15:16:56.212314,0 days 00:00:03.192776,0.006826246689321146,1.2673742909507755,0.0031297797378992812,0.019761125711640973,0.04237222355267594,17.446020006152537,COMPLETE
16,16,10.15,2025-02-10 15:16:56.237420,2025-02-10 15:16:58.985764,0 days 00:00:02.748344,0.02162422674702949,1.097191855190541,0.0024907874083326905,0.04153396767626092,0.36852183463817373,1.249158145885878,COMPLETE
17,17,9.800661455790513,2025-02-10 15:16:59.017681,2025-02-10 15:17:02.162881,0 days 00:00:03.145200,0.04071116614859347,0.21810005202432955,0.0010228638624911125,0.011329227063293265,0.05038375605161843,18.576731334633617,COMPLETE
18,18,10.15,2025-02-10 15:17:02.189487,2025-02-10 15:17:04.546993,0 days 00:00:02.357506,0.005196014638403944,4.003175489438879,0.0024331781157495088,0.05433635089077148,0.2546740999164026,1.1663239243253216,COMPLETE
19,19,9.4,2025-02-10 15:17:04.573042,2025-02-10 15:17:07.362205,0 days 00:00:02.789163,0.013979868581957398,2.208251392820747,0.003928292547528202,0.023284687193970664,0.15886583796490822,7.913535597178143,COMPLETE
20,20,9.55,2025-02-10 15:17:07.388516,2025-02-10 15:17:10.917954,0 days 00:00:03.529438,0.0033549220650648513,0.3257000720489617,0.002260569659893151,0.010436432354116459,0.05791218186359931,10.284506619012856,COMPLETE
21,21,9.4,2025-02-10 15:17:10.950757,2025-02-10 15:17:13.821118,0 days 00:00:02.870361,0.01271470870435331,2.8585409773628445,0.0038912330110642173,0.02516853152406156,0.19683039569555882,7.815145040412364,COMPLETE
22,22,9.5,2025-02-10 15:17:13.847486,2025-02-10 15:17:17.058748,0 days 00:00:03.211262,0.02273753582185834,2.027414634452989,0.005050201002957633,0.03108796807062963,0.12761777749310624,7.920659048590713,COMPLETE
23,23,10.600000000000001,2025-02-10 15:17:17.081600,2025-02-10 15:17:20.108763,0 days 00:00:03.027163,0.011180500914847397,9.534363372540437,0.003108133184113787,0.04626898435604712,0.3754946331462141,14.976194793104709,COMPLETE
24,24,9.450000000000001,2025-02-10 15:17:20.136616,2025-02-10 15:17:23.462749,0 days 00:00:03.326133,0.005501795005011451,2.1721037627701656,0.012041035561612408,0.018972084155932795,0.14850996814051046,18.892047637150043,COMPLETE
25,25,9.700000000000001,2025-02-10 15:17:23.485305,2025-02-10 15:17:26.124020,0 days 00:00:02.638715,0.05882746673508661,10.722463737626427,0.005576594676716312,0.07556281791962435,0.07067355185197466,5.384103954794577,COMPLETE
26,26,9.450000000000001,2025-02-10 15:17:26.148053,2025-02-10 15:17:28.963046,0 days 00:00:02.814993,0.01865813602067359,0.5577492260435288,0.003603486906339354,0.011875340711038108,0.02848123457256005,2.2811511197056067,COMPLETE
27,27,9.9,2025-02-10 15:17:28.981553,2025-02-10 15:17:32.367955,0 days 00:00:03.386402,0.009321359391128122,2.2617162969673146,0.0019648278604099834,0.029072448592760494,0.0756283732250457,9.957363166462796,COMPLETE
28,28,9.4,2025-02-10 15:17:32.391696,2025-02-10 15:17:35.212144,0 days 00:00:02.820448,0.026378748215582816,0.3921206475925006,0.0033972620126067844,0.04745889763485315,0.19588611908540368,5.903360034583348,COMPLETE
29,29,9.4,2025-02-10 15:17:35.239373,2025-02-10 15:17:38.284397,0 days 00:00:03.045024,0.008275150655471481,1.0021882427112465,0.005266621979146058,0.005838335713613864,0.26976384224124605,11.09900218523426,COMPLETE
30,30,9.200000000000001,2025-02-10 15:17:38.310431,2025-02-10 15:17:41.158358,0 days 00:00:02.847927,0.012553275051471299,5.993242054459287,0.001822906298605996,0.018867705647634667,0.518364916428246,19.388186095899535,COMPLETE
31,31,9.35,2025-02-10 15:17:41.178017,2025-02-10 15:17:44.120280,0 days 00:00:02.942263,0.013444578111248029,5.848048867818879,0.0025989389203979084,0.0152209149655093,0.3665135437536421,11.556163265422445,COMPLETE
32,32,9.3,2025-02-10 15:17:44.145889,2025-02-10 15:17:46.905271,0 days 00:00:02.759382,0.007492764713293389,7.959769688387411,0.0018814288671835644,0.015570080591997196,0.4663415404988131,12.226567412532912,COMPLETE
33,33,9.75,2025-02-10 15:17:46.927230,2025-02-10 15:17:49.517736,0 days 00:00:02.590506,0.0074632981231089815,6.151677507009731,0.0015643722015716308,0.014587529608348979,0.5337570317270909,11.988944692966598,COMPLETE
34,34,10.600000000000001,2025-02-10 15:17:49.541268,2025-02-10 15:17:51.123691,0 days 00:00:01.582423,0.004447690485925697,18.62303941759259,0.001633743333303906,0.0067623024430609495,0.28208561379732244,3.8542708033363655,COMPLETE
35,35,9.55,2025-02-10 15:17:51.138753,2025-02-10 15:17:53.015051,0 days 00:00:01.876298,0.009452794141383518,7.129804276320916,0.0010344815668973594,0.00851405753977793,0.6726049696851918,6.0323540244819265,COMPLETE
36,36,11.3,2025-02-10 15:17:53.037589,2025-02-10 15:17:55.271970,0 days 00:00:02.234381,0.0036752723445672812,10.411810156516509,0.0019156373299278131,0.012708596276206359,2.10332744657684,13.040227578228661,COMPLETE
37,37,9.9,2025-02-10 15:17:55.296410,2025-02-10 15:17:56.875578,0 days 00:00:01.579168,0.0053261049698208164,4.583053486805031,0.002536354287373332,0.01767946088702519,0.3569150691055256,2.9497466459430037,COMPLETE
38,38,9.450000000000001,2025-02-10 15:17:56.904795,2025-02-10 15:17:59.205385,0 days 00:00:02.300590,0.00239547895807177,23.719000398272968,0.0012115935153425971,0.004631534026931787,0.21684117971758837,19.87514654696924,COMPLETE
39,39,9.700000000000001,2025-02-10 15:17:59.236303,2025-02-10 15:18:01.569453,0 days 00:00:02.333150,0.006663356279697073,11.760025635402464,0.0018044225594004047,0.008807760988116519,0.09735894799743569,11.8915120035673,COMPLETE
40,40,10.5,2025-02-10 15:18:01.592450,2025-02-10 15:18:03.049096,0 days 00:00:01.456646,0.030711420910529332,42.69645705933831,0.0013268630693477092,0.015668922853064923,0.015739188931750532,5.62580719133358,COMPLETE
41,41,10.200000000000001,2025-02-10 15:18:03.072828,2025-02-10 15:18:06.234604,0 days 00:00:03.161776,0.016117901014120858,3.33422588714597,0.0027193716101762237,0.029332695194796678,0.47287350999674665,12.796466558675213,COMPLETE
42,42,9.35,2025-02-10 15:18:06.261364,2025-02-10 15:18:09.000670,0 days 00:00:02.739306,0.011316492062970602,6.308906439680606,0.0020635071069834824,0.021830002842734137,0.7265836200609592,19.98150149338426,COMPLETE
43,43,9.4,2025-02-10 15:18:09.023465,2025-02-10 15:18:11.766942,0 days 00:00:02.743477,0.011133230652124675,6.172669231029603,0.002110058995286128,0.021358679805072837,0.8906090995615419,8.06230541364767,COMPLETE
44,44,9.65,2025-02-10 15:18:11.788628,2025-02-10 15:18:13.523429,0 days 00:00:01.734801,0.009270447165407595,16.154326581471786,0.0014747261716703318,0.00962005516888002,1.3627557390893457,10.762189513209869,COMPLETE
45,45,9.4,2025-02-10 15:18:13.547731,2025-02-10 15:18:16.622353,0 days 00:00:03.074622,0.019622280907584427,3.981284622549916,0.0020518029342439245,0.039659815780149904,0.7095995449195174,14.275296179885675,COMPLETE
46,46,9.75,2025-02-10 15:18:16.645174,2025-02-10 15:18:18.907115,0 days 00:00:02.261941,0.0041474128067720386,8.000983176056241,0.0016707909234710615,0.014324181058131392,0.785129523592073,4.685633529423834,COMPLETE
47,47,9.4,2025-02-10 15:18:18.922099,2025-02-10 15:18:21.514221,0 days 00:00:02.592122,0.0074145839221441655,14.545892496529408,0.0012686515580088687,0.06074644471641713,0.3994261309583391,19.931773826986777,COMPLETE
48,48,10.200000000000001,2025-02-10 15:18:21.541094,2025-02-10 15:18:23.720131,0 days 00:00:02.179037,0.002610396597860717,32.405442816381864,0.002762959613135474,0.08710852109048531,1.2541481291149488,6.701977295035481,COMPLETE
49,49,9.75,2025-02-10 15:18:23.745774,2025-02-10 15:18:25.529270,0 days 00:00:01.783496,0.012128060208253794,24.863965915913585,0.0022605888688393442,0.021822685489938983,0.6290543114760148,14.570734222909945,COMPLETE
50,50,9.450000000000001,2025-02-10 15:18:25.553511,2025-02-10 15:18:28.659153,0 days 00:00:03.105642,0.0015404971496502428,1.3230889655734017,0.003105003982334984,0.03399677214685888,0.3005863667501502,9.500222463834147,COMPLETE
51,51,9.4,2025-02-10 15:18:28.674740,2025-02-10 15:18:31.379241,0 days 00:00:02.704501,0.01800921833516433,4.550167866366172,0.0028568263152409495,0.02483422156448865,0.48082486610407676,19.356426939989802,COMPLETE
52,52,9.450000000000001,2025-02-10 15:18:31.396889,2025-02-10 15:18:34.433076,0 days 00:00:03.036187,0.014503079752996285,1.5753275305413181,0.001896486555004328,0.039116779089410726,0.5860349436842288,15.077792680456922,COMPLETE
53,53,9.35,2025-02-10 15:18:34.457355,2025-02-10 15:18:37.111432,0 days 00:00:02.654077,0.006188788168037925,3.0947541149461064,0.004345747848415603,0.016553814744649148,0.45460903928226,9.26679159538378,COMPLETE
54,54,9.450000000000001,2025-02-10 15:18:37.138150,2025-02-10 15:18:40.186942,0 days 00:00:03.048792,0.006153049461319205,2.925455253610099,0.004649877443916625,0.015749661791315116,0.41007057230936034,8.869131336639148,COMPLETE
55,55,9.600000000000001,2025-02-10 15:18:40.212171,2025-02-10 15:18:42.550886,0 days 00:00:02.338715,0.004934450776528194,6.212469654364408,0.0023092581059817405,0.012754209625389692,0.952362974966933,6.98667621004846,COMPLETE
56,56,10.15,2025-02-10 15:18:42.575214,2025-02-10 15:18:44.281457,0 days 00:00:01.706243,0.0030771787451393,8.311496022650585,0.004088136142823188,0.020230315215323546,0.23799615505623264,4.444404467489568,COMPLETE
57,57,9.35,2025-02-10 15:18:44.307978,2025-02-10 15:18:46.998309,0 days 00:00:02.690331,0.006165076913986198,3.0875898862358335,0.0034391067978868997,0.008276175087653024,0.18044073698011034,13.934153336332432,COMPLETE
58,58,9.600000000000001,2025-02-10 15:18:47.026336,2025-02-10 15:18:49.242133,0 days 00:00:02.215797,0.010791039645662978,14.513248843696777,0.0068085897629801915,0.010966175087802678,0.3188690248410813,9.41061765417208,COMPLETE
59,59,9.5,2025-02-10 15:18:49.267461,2025-02-10 15:18:52.165430,0 days 00:00:02.897969,0.008135526788608696,0.8803684807443312,0.004252454778008259,0.06123602734650299,0.4806802913735889,7.0294851188751055,COMPLETE
60,60,9.950000000000001,2025-02-10 15:18:52.189346,2025-02-10 15:18:54.762206,0 days 00:00:02.572860,0.013943919387045464,5.001543967099778,0.0025480848507987404,0.023306216987914248,0.1543561384950761,15.016655639271413,COMPLETE
61,61,9.65,2025-02-10 15:18:54.784256,2025-02-10 15:18:57.268602,0 days 00:00:02.484346,0.006844325385550749,3.0316030466618593,0.002901890845611333,0.00890191833362213,0.1917970813177643,12.566991395404635,COMPLETE
62,62,9.5,2025-02-10 15:18:57.293562,2025-02-10 15:19:00.368945,0 days 00:00:03.075383,0.005718469515857125,1.5880107594695896,0.0034323966084896292,0.016600492977548367,0.11472112543911774,15.490461390158451,COMPLETE
63,63,9.5,2025-02-10 15:19:00.391140,2025-02-10 15:19:03.079312,0 days 00:00:02.688172,0.004176793841516785,3.7917321956815075,0.003667598720509948,0.013218724526993188,0.3317070465133646,9.801118278907937,COMPLETE
64,64,9.450000000000001,2025-02-10 15:19:03.106411,2025-02-10 15:19:06.143731,0 days 00:00:03.037320,0.009694824194115423,2.471187035235597,0.0017371645512835377,0.02746885845923281,0.6741492581810898,15.716463306501373,COMPLETE
65,65,9.35,2025-02-10 15:19:06.169493,2025-02-10 15:19:08.882869,0 days 00:00:02.713376,0.007922525023509132,7.098714567609655,0.0022145222891803333,0.0357303014240494,0.41564497660206196,19.342520543293613,COMPLETE
66,66,9.450000000000001,2025-02-10 15:19:08.898974,2025-02-10 15:19:11.973791,0 days 00:00:03.074817,0.012386210441100777,1.6663303102870397,0.00339757113685578,0.007187246597691588,0.23135979839123322,11.417475060056033,COMPLETE
67,67,9.55,2025-02-10 15:19:11.997718,2025-02-10 15:19:13.749884,0 days 00:00:01.752166,0.0060190120147394655,10.599733961708125,0.0014765357705503496,0.019233625684875067,0.5673845575116326,5.316797965998816,COMPLETE
68,68,9.35,2025-02-10 15:19:13.767827,2025-02-10 15:19:16.300084,0 days 00:00:02.532257,0.02228622111160597,3.291564853755555,0.0024791311412167318,0.011045166696942487,0.28642117026548947,8.291366731717083,COMPLETE
69,69,9.4,2025-02-10 15:19:16.322279,2025-02-10 15:19:19.050195,0 days 00:00:02.727916,0.004675831569247553,5.246850921471386,0.006187423837489003,0.04642355756137623,0.14345686062299423,12.336852354606181,COMPLETE
70,70,10.05,2025-02-10 15:19:19.076256,2025-02-10 15:19:22.386197,0 days 00:00:03.309941,0.01578694036356307,0.7591936794922876,0.0046456738234155965,0.02575878065156253,0.17880170225591727,16.515546490411182,COMPLETE
71,71,9.450000000000001,2025-02-10 15:19:22.412994,2025-02-10 15:19:25.309046,0 days 00:00:02.896052,0.00811610798438334,8.472715042281301,0.002172745311283713,0.033150139382174405,0.41200038361041946,17.997337013785206,COMPLETE
72,72,9.35,2025-02-10 15:19:25.330137,2025-02-10 15:19:28.050024,0 days 00:00:02.719887,0.010340350163495812,6.333634031125368,0.001930565500529886,0.01759975527348861,0.3362543491201082,10.394551018554338,COMPLETE
73,73,9.450000000000001,2025-02-10 15:19:28.073591,2025-02-10 15:19:30.983571,0 days 00:00:02.909980,0.008675978314948042,2.1681256518040586,0.003283804373507781,0.012952843493437245,0.2644718884194686,19.890989576584584,COMPLETE
74,74,9.450000000000001,2025-02-10 15:19:31.009381,2025-02-10 15:19:33.327337,0 days 00:00:02.317956,0.006964158757595804,12.814815460674613,0.002362946461020535,0.03592148327461285,0.4481394393811233,13.623592651834695,COMPLETE
75,75,10.100000000000001,2025-02-10 15:19:33.353070,2025-02-10 15:19:35.020166,0 days 00:00:01.667096,0.0037316028934515372,17.743933147998725,0.00286000140489252,0.019278747166816244,0.5627145990167508,6.800412529272597,COMPLETE
76,76,9.5,2025-02-10 15:19:35.041982,2025-02-10 15:19:37.170527,0 days 00:00:02.128545,0.005453329154382096,7.698160621785009,0.0017584196361520473,0.029073943449482106,0.37243499418689546,8.322218958861285,COMPLETE
77,77,9.35,2025-02-10 15:19:37.196445,2025-02-10 15:19:39.744462,0 days 00:00:02.548017,0.012585688150554953,3.759479947877747,0.0014006579449027958,0.010324961929971283,0.8202590127402599,11.292554710254493,COMPLETE
78,78,9.3,2025-02-10 15:19:39.767139,2025-02-10 15:19:42.349845,0 days 00:00:02.582706,0.01748426979590791,5.334949343100145,0.0021609837021695217,0.01646530992548234,0.04534451578754636,16.65783314423114,COMPLETE
79,79,9.55,2025-02-10 15:19:42.373479,2025-02-10 15:19:45.330615,0 days 00:00:02.957136,0.016891519522579883,2.6815111142230235,0.0038634212252446985,0.007809916687818188,0.0360746883888938,16.082075413498288,COMPLETE
80,80,9.5,2025-02-10 15:19:45.353744,2025-02-10 15:19:48.301779,0 days 00:00:02.948035,0.025853148030349764,4.98545344528562,0.001591968798683774,0.00608720148895995,0.05354734246574847,13.337122978406326,COMPLETE
81,81,9.35,2025-02-10 15:19:48.331406,2025-02-10 15:19:51.024250,0 days 00:00:02.692844,0.008926129409736654,6.562520943744097,0.00207567269423394,0.015218825237596814,0.08808824922310142,17.622437232777486,COMPLETE
82,82,9.450000000000001,2025-02-10 15:19:51.039443,2025-02-10 15:19:52.880669,0 days 00:00:01.841226,0.010995312439594652,11.118822047591932,0.0025936995847328456,0.022516353378866958,0.02941550790630077,10.198475401175099,COMPLETE
83,83,9.5,2025-02-10 15:19:52.908086,2025-02-10 15:19:55.269806,0 days 00:00:02.361720,0.007207208861678275,8.920749406214474,0.0021251048415435996,0.01720874833436636,0.07149224228268211,13.132792406649584,COMPLETE
84,84,10.05,2025-02-10 15:19:55.296364,2025-02-10 15:19:58.328217,0 days 00:00:03.031853,0.01432312871838465,4.2960468727258405,0.0030849576520779166,0.024650946685534133,0.047667912232491026,19.7469139209563,COMPLETE
85,85,9.450000000000001,2025-02-10 15:19:58.354133,2025-02-10 15:20:00.811912,0 days 00:00:02.457779,0.009992569766961083,2.7713427523238474,0.0018134728528427727,0.013573522098176504,0.06096557362962554,16.15041390338563,COMPLETE
86,86,10.3,2025-02-10 15:20:00.828388,2025-02-10 15:20:02.676238,0 days 00:00:01.847850,0.019934951001724623,5.344926033357364,0.0028036827738384114,0.03259179199181754,0.022008831949380307,8.424080014030773,COMPLETE
87,87,10.350000000000001,2025-02-10 15:20:02.702441,2025-02-10 15:20:05.080649,0 days 00:00:02.378208,0.006244423343044852,1.9197876222287327,0.002272989387335137,0.0119731923172637,0.7128308043321753,11.367298957393503,COMPLETE
88,88,10.050134953590355,2025-02-10 15:20:05.118818,2025-02-10 15:20:08.001819,0 days 00:00:02.883001,0.007911450128742002,1.161272873305874,0.0015725368702621152,0.041800219340383506,0.4623626101545825,6.281460674733985,COMPLETE
89,89,9.4,2025-02-10 15:20:08.026684,2025-02-10 15:20:10.674016,0 days 00:00:02.647332,0.01204679534061727,3.8842681789213764,0.0012000213500701212,0.009571932647680123,0.5324916167803315,13.621665306674046,COMPLETE
90,90,9.35,2025-02-10 15:20:10.701578,2025-02-10 15:20:12.664720,0 days 00:00:01.963142,0.016464897338033056,13.635254653970257,0.003648715598592739,0.01978348422183964,0.9832349699798631,16.74478844694228,COMPLETE
91,91,9.450000000000001,2025-02-10 15:20:12.686347,2025-02-10 15:20:15.159100,0 days 00:00:02.472753,0.018389738049512595,3.2455036954087455,0.002513753761886933,0.010564821849423115,0.28481729618628315,7.853192829358183,COMPLETE
92,92,9.3,2025-02-10 15:20:15.175324,2025-02-10 15:20:17.400071,0 days 00:00:02.224747,0.023891631292392728,6.955321785373936,0.0020021513164177464,0.007996029527135759,0.23548533803028027,10.070590728752656,COMPLETE
93,93,9.4,2025-02-10 15:20:17.424801,2025-02-10 15:20:19.440452,0 days 00:00:02.015651,0.005116348451785885,8.949547263460465,0.0020059225636945865,0.007980825998953538,0.3734234590775236,9.78305319454133,COMPLETE
94,94,9.3,2025-02-10 15:20:19.463259,2025-02-10 15:20:21.954031,0 days 00:00:02.490772,0.0093405254594812,7.2827212850536736,0.0017538630786634404,0.01451256347641598,0.23933206495175494,11.920165048027414,COMPLETE
95,95,9.5,2025-02-10 15:20:21.981755,2025-02-10 15:20:24.025684,0 days 00:00:02.043929,0.013350674982032601,5.378708765470414,0.0017267219530929141,0.01404660063298549,0.17924607723838976,5.131283911648506,COMPLETE
96,96,9.65,2025-02-10 15:20:24.047017,2025-02-10 15:20:25.791773,0 days 00:00:01.744756,0.024753831307096526,19.639867282474636,0.00195634639760081,0.01617956383848413,0.3225944469011864,11.64288976030725,COMPLETE
97,97,10.15,2025-02-10 15:20:25.816163,2025-02-10 15:20:28.013804,0 days 00:00:02.197641,0.011504708776347503,10.99007857920399,0.0032270574839592565,0.005056134825109459,0.22050423185305734,7.223655496036412,COMPLETE
