,number,value,datetime_start,datetime_complete,duration,params_q_con,params_q_lag,params_q_sdot,params_q_u_yaw_rate,params_qt_pos_high,params_qt_s_high,state
98,98,9.450000000000001,2025-02-10 15:20:28.042458,2025-02-10 15:20:30.126906,0 days 00:00:02.084448,0.03438004137141812,6.947815021673877,0.0026336864993185983,0.008510438301093751,0.2389789807435691,9.103485086706266,COMPLETE
99,99,9.35,2025-02-10 15:20:30.152368,2025-02-10 15:20:32.914260,0 days 00:00:02.761892,0.020227481385499003,4.700805937578488,0.001478657467728087,0.01148334402815411,0.13805507639061873,14.293639017010937,COMPLETE
