,number,value,datetime_start,datetime_complete,duration,params_q_con,params_q_u_yaw_rate,params_qt_pos_high,params_qt_s_high,state
114,114,9.159672434908785,2025-02-06 12:11:41.051287,2025-02-06 12:11:46.740629,0 days 00:00:05.689342,0.02621357596235633,0.0017166528738208227,0.3432928468340781,19.99178293760427,COMPLETE
115,115,9.200526792966487,2025-02-06 12:11:46.741107,2025-02-06 12:11:52.211529,0 days 00:00:05.470422,0.01410233412961204,0.0010873489618689039,0.6852874631206458,14.679936739470058,COMPLETE
116,116,9.206460409535747,2025-02-06 12:11:52.211938,2025-02-06 12:11:57.148604,0 days 00:00:04.936666,0.017191107407301297,0.0012758340737195248,0.8067834969510718,8.34379412842999,COMPLETE
117,117,9.219518464389733,2025-02-06 12:11:57.149015,2025-02-06 12:12:03.398386,0 days 00:00:06.249371,0.020911231648062925,0.0020173464899348554,0.38732473395238687,12.284542649508234,COMPLETE
118,118,9.207350794428738,2025-02-06 12:12:03.398849,2025-02-06 12:12:08.794043,0 days 00:00:05.395194,0.03571622961908926,0.0015208211867480848,0.541558804703012,16.44916946396071,COMPLETE
119,119,9.208230918039325,2025-02-06 12:12:08.794450,2025-02-06 12:12:14.084559,0 days 00:00:05.290109,0.0284715288815802,0.003179273751659786,0.639932688532372,10.757960481773727,COMPLETE
120,120,9.20236917977715,2025-02-06 12:12:14.085401,2025-02-06 12:12:19.705212,0 days 00:00:05.619811,0.01618468636365937,0.0019116570545411609,0.20560385281413063,14.586750147959384,COMPLETE
121,121,9.206017440401505,2025-02-06 12:12:19.705613,2025-02-06 12:12:25.602563,0 days 00:00:05.896950,0.01868100376301473,0.0010126578734567745,0.305630523897035,17.669965578872798,COMPLETE
122,122,9.150724045822388,2025-02-06 12:12:25.603049,2025-02-06 12:12:30.873489,0 days 00:00:05.270440,0.024177695702553615,0.0013725349487191247,0.26602283336461735,17.739154742784162,COMPLETE
123,123,9.206852688391743,2025-02-06 12:12:30.873877,2025-02-06 12:12:36.540245,0 days 00:00:05.666368,0.02409888138170762,0.001308414699753264,0.24364983053752087,12.587213265650258,COMPLETE
124,124,9.15757522966716,2025-02-06 12:12:36.540658,2025-02-06 12:12:42.080959,0 days 00:00:05.540301,0.030407191376161557,0.0015369345871625824,0.3915442460710871,17.355736853582112,COMPLETE
125,125,9.157477975131044,2025-02-06 12:12:42.081395,2025-02-06 12:12:47.691396,0 days 00:00:05.610001,0.023884789074111703,0.0017464910178181879,0.49955264904782826,19.917471019261374,COMPLETE
126,126,9.15639169925912,2025-02-06 12:12:47.691800,2025-02-06 12:12:53.061814,0 days 00:00:05.370014,0.16253347675624033,0.0010016865714687635,0.4432886593351214,15.201926816272087,COMPLETE
127,127,9.20093561305999,2025-02-06 12:12:53.062262,2025-02-06 12:12:57.695956,0 days 00:00:04.633694,0.08562368872793923,0.0012269269590325042,0.3155931578173351,10.459019899868503,COMPLETE
128,128,9.208382724882886,2025-02-06 12:12:57.696328,2025-02-06 12:13:03.688051,0 days 00:00:05.991723,0.010822952174656624,0.002561448295251589,0.26517987189536424,13.143223058964246,COMPLETE
129,129,9.20153377214436,2025-02-06 12:13:03.688506,2025-02-06 12:13:08.290869,0 days 00:00:04.602363,0.047758670729091485,0.002136994711357908,0.2231524067676608,8.636726384801667,COMPLETE
130,130,9.207922803160368,2025-02-06 12:13:08.291561,2025-02-06 12:13:14.105855,0 days 00:00:05.814294,0.021032647196754305,0.001397138514269698,0.9991480692204416,15.752709415164325,COMPLETE
131,131,9.208778882849277,2025-02-06 12:13:14.106289,2025-02-06 12:13:20.151632,0 days 00:00:06.045343,0.01815430688895502,0.0014392524835855358,0.28834664589379905,17.64631636925169,COMPLETE
132,132,9.158064664875273,2025-02-06 12:13:20.152012,2025-02-06 12:13:25.873049,0 days 00:00:05.721037,0.01501140780934695,0.0011713971209123954,0.5656856085044754,17.4003430814448,COMPLETE
133,133,9.258807858199757,2025-02-06 12:13:25.873445,2025-02-06 12:13:31.446400,0 days 00:00:05.572955,0.19467660363034867,0.0017220356935473869,0.35435395741128145,19.991093655824216,COMPLETE
134,134,9.204503428727469,2025-02-06 12:13:31.446864,2025-02-06 12:13:37.069295,0 days 00:00:05.622431,0.027888253526142662,0.0013672232842254029,0.26621320223841494,13.639364694095342,COMPLETE
135,135,9.209205031689311,2025-02-06 12:13:37.069883,2025-02-06 12:13:42.854479,0 days 00:00:05.784596,0.019869063078869025,0.0011906759158157765,0.7471337277439352,11.897332883258711,COMPLETE
136,136,9.205107961327013,2025-02-06 12:13:42.854883,2025-02-06 12:13:48.426267,0 days 00:00:05.571384,0.12224967487092397,0.0016016721173591412,0.42971356490906853,15.849083898070667,COMPLETE
137,137,9.206387893846495,2025-02-06 12:13:48.426865,2025-02-06 12:13:54.099592,0 days 00:00:05.672727,0.012938867158033872,0.0018986875237221232,0.6178290525564781,17.244460003129294,COMPLETE
138,138,9.206658812757317,2025-02-06 12:13:54.100044,2025-02-06 12:13:59.616752,0 days 00:00:05.516708,0.03242476202104146,0.0013328386109059012,0.32469211801526676,11.170062930388337,COMPLETE
139,139,9.254053417373271,2025-02-06 12:13:59.617149,2025-02-06 12:14:03.287183,0 days 00:00:03.670034,0.02460054188901109,0.001112547404112824,0.47842373108431463,1.7275883855870833,COMPLETE
140,140,9.205928140744447,2025-02-06 12:14:03.287644,2025-02-06 12:14:08.865880,0 days 00:00:05.578236,0.03717598049463377,0.0038914317782987877,0.8758179869657922,14.182212719667211,COMPLETE
141,141,9.153285341683835,2025-02-06 12:14:08.866335,2025-02-06 12:14:14.384059,0 days 00:00:05.517724,0.009567102034905437,0.0022771970754092924,1.4824090035916282,19.85886889748277,COMPLETE
142,142,9.204045053799055,2025-02-06 12:14:14.384807,2025-02-06 12:14:20.018237,0 days 00:00:05.633430,0.009076359948232991,0.002285873833096448,1.3616364394000644,17.82684949035928,COMPLETE
143,143,9.456713149706466,2025-02-06 12:14:20.018769,2025-02-06 12:14:23.499613,0 days 00:00:03.480844,0.016505664732047377,0.0015366850202948434,1.0727952737638937,0.72481108396028,COMPLETE
144,144,9.202384159391581,2025-02-06 12:14:23.500118,2025-02-06 12:14:28.751155,0 days 00:00:05.251037,0.022084574162275643,0.002029450707049019,0.37578627128483705,14.818667502463947,COMPLETE
145,145,9.151029618936079,2025-02-06 12:14:28.751631,2025-02-06 12:14:33.569771,0 days 00:00:04.818140,0.014169764501035458,0.0016873938706751424,1.2122292569202255,19.69039447203843,COMPLETE
146,146,9.205783002278547,2025-02-06 12:14:33.570224,2025-02-06 12:14:39.172408,0 days 00:00:05.602184,0.010915675480452953,0.0017593521991401005,1.8060984352141305,12.515076595900204,COMPLETE
147,147,9.150791260307134,2025-02-06 12:14:39.172816,2025-02-06 12:14:44.439292,0 days 00:00:05.266476,0.012887655898176557,0.0025206683070217693,1.1407789574740632,19.715421313566733,COMPLETE
148,148,9.153633085877068,2025-02-06 12:14:44.439702,2025-02-06 12:14:50.109760,0 days 00:00:05.670058,0.012204264783853886,0.002869035358132029,1.5368427182273565,19.180071426111272,COMPLETE
149,149,9.750306722187478,2025-02-06 12:14:50.110166,2025-02-06 12:14:53.317801,0 days 00:00:03.207635,0.012046075378705707,0.002873167740178439,1.1908558030545418,0.29383210753842354,COMPLETE
